<?xml version="1.0" encoding="UTF-8"?>
<!-- Generated by org.testng.reporters.JUnitReportReporter -->
<testsuite hostname="Sasikumar" failures="0" tests="3" name="testng.practices.TestingPrac" time="7.907" errors="0" timestamp="2023-10-15T22:32:33 IST" skipped="0">
  <testcase classname="testng.practices.TestingPrac" name="googleMapsAPIsUpdate" time="1.555"/>
  <testcase classname="testng.practices.TestingPrac" name="googleMapsAPIPost" time="0.445"/>
  <testcase classname="testng.practices.TestingPrac" name="googleMapsAPIGet" time="5.907"/>
</testsuite> <!-- testng.practices.TestingPrac -->
