<?xml version="1.0" encoding="UTF-8"?>
<!-- Generated by org.testng.reporters.JUnitReportReporter -->
<testsuite hostname="Sasikumar" failures="0" tests="1" name="testng.practices.TestingPrac" time="3.297" errors="0" timestamp="2023-10-15T22:10:39 IST" skipped="0">
  <testcase classname="testng.practices.TestingPrac" name="googleMapsAPIPost" time="3.297"/>
</testsuite> <!-- testng.practices.TestingPrac -->
