<?xml version="1.0" encoding="UTF-8"?>
<!-- Generated by org.testng.reporters.JUnitReportReporter -->
<testsuite hostname="Sasikumar" failures="0" tests="4" name="testng.practices.TestingPrac" time="11.842" errors="0" timestamp="2023-10-15T22:41:49 IST" skipped="0">
  <testcase classname="testng.practices.TestingPrac" name="googleMapsAPIsDelete" time="1.461"/>
  <testcase classname="testng.practices.TestingPrac" name="googleMapsAPIPost" time="0.600"/>
  <testcase classname="testng.practices.TestingPrac" name="googleMapsAPIsUpdate" time="1.099"/>
  <testcase classname="testng.practices.TestingPrac" name="googleMapsAPIGet" time="8.682"/>
</testsuite> <!-- testng.practices.TestingPrac -->
