<?xml version="1.0" encoding="UTF-8"?>
<!-- Generated by org.testng.reporters.JUnitReportReporter -->
<testsuite hostname="Sasikumar" failures="0" tests="1" name="testng.practices.examples.TestNGLearnings" time="1.487" errors="0" timestamp="2023-10-15T21:53:01 IST" skipped="0">
  <testcase classname="testng.practices.examples.TestNGLearnings" name="googleMapAPIPost" time="1.487"/>
</testsuite> <!-- testng.practices.examples.TestNGLearnings -->
